=== FC-witness manifest for handover/evidence/phase1_n5_batch_2026-05-11T03-46-20Z/P07_numbertheory_2pownm1prime_nprime ===
Wrote: handover/evidence/phase1_n5_batch_2026-05-11T03-46-20Z/P07_numbertheory_2pownm1prime_nprime/fc_witness_manifest.json
Tally: 18 GREEN, 5 AMBER, 2 RED

  ✅  FC1-N1_q_state_carrier
        initial_q_state present
  ✅  FC1-N2_q_t_slice
        28 rejection records carry parent_state_root
  ✅  FC1-N3_HEAD_t_pointer
        7804bca048e775e7d8ea848bfcf3157417257a01
  ✅  FC1-N4_q1_after_delta
        l4_count=3
  ✅  FC1-N5_rtool
        2 agent audit-trail records
  ✅  FC1-N7_delta_AI_call
        40 AttemptTelemetry CAS objects
  ✅  FC1-N11_predicates
        39 LeanResult CAS objects
  ✅  FC1-N13_wtool
        l4=3, l4e=28
  ✅  FC1-N15_reject_branch
        28 rejection records on L4.E
  🔴 code_bug  FC1-INV1_every_attempt_tape_visible
        chain_invariant: expected=39, l4=1, l4e=25, AT_count=40, architect_inv1.match=False (architect_chain_attempt_count=40, evaluator_reported_tx_count=None)
  🔴 code_bug  FC1-INV3_count_equality_constitutional
        expected=39 vs (l4=1 + l4e=25 + capsule=14) = 40; delta_3term=+1; AT_count=40; capsule_source=chain_invariant.json (independent, Bug 3-fix binary)
  ✅  FC2-N16_InitAI
        genesis_report fields=['constitution_hash', 'runtime_repo', 'cas_path', 'system_pubkey_hash', 'agent_pubkeys_path', 'initial_balances']
  ✅  FC2-N18_constitution_ground_truth
        eec695459c71fbef3685583485deb431...
  ✅  FC2-N21_Q0_minted
        Q_0 ledger present
  ✅  FC2-N22_HALT
        halt=OmegaAccepted
  ✅  FC2-INV1_genesis_replayable
        39 Pass / 0 Fail / 12 Skipped of 51 audit_tape assertions
  ✅  FC2-INV4_taskopen_escrowlock_chain_events
        task_open=1, escrow_lock=1
  ✅  FC2-INV6_pubkeys_verify
        pinned_pubkeys present
  ✅  FC2-INV7_agent_registry_resolves
        agent_pubkeys present
  🟡 unexercised  FC3-INV1_capsule_derived
        no EvidenceCapsule (run didn't trigger capsule emission)
  ✅  FC3-INV2_no_global_pointer
        absent (Art. 0.2 honored)
  🟡 structural_only  FC3-INV3_raw_logs_shielded
        verified via constitution_fc3_meta::fc3_raw_logs_not_in_agent_read_view (source-grep test)
  🟡 structural_only  FC3-INV5_deep_history_override
        verified via constitution_fc3_meta::fc3_deep_history_requires_override
  🟡 structural_only  FC3-INV7_architect_propose_only
        verified via constitution_fc3_meta::fc3_architectai_proposal_not_direct_write
  🟡 structural_only  FC3-INV8_judge_veto_only
        verified via constitution_fc3_meta::fc3_judgeai_veto_only
