[tbc0] BATCH mode: 9 real MiniF2F problems
[tbc0]   3 easy (max_tx=5), 2 medium (max_tx=20), 4 hard (max_tx=50)
[tbc0] proxy: http://localhost:8080 ✓
[tbc0] minif2f: /home/zephryj/projects/turingosv3/experiments/minif2f_data_lean4 ✓
[tbc0] start | N=9 | n_agents=5 | per-problem-timeout=1800s | git=ced1936 | ts=2026-05-11T03-46-20Z
[tbc0] [1/9] mathd_algebra_107 (diff=easy, max_tx=5) → handover/evidence/phase1_n5_batch_2026-05-11T03-46-20Z/P01_mathd_algebra_107
[tbc0] [1/9] mathd_algebra_107: dur=21s tx=1 halt=OmegaAccepted solved=True step_partial_ok=0 rc=0
audit_tape: verdict=PROCEED passed=39 failed=0 halted=0 skipped=12 (out="handover/evidence/phase1_n5_batch_2026-05-11T03-46-20Z/P01_mathd_algebra_107/verdict.json")
[tbc0] [2/9] mathd_algebra_125 (diff=easy, max_tx=5) → handover/evidence/phase1_n5_batch_2026-05-11T03-46-20Z/P02_mathd_algebra_125
[tbc0] [2/9] mathd_algebra_125: dur=21s tx=1 halt=OmegaAccepted solved=True step_partial_ok=0 rc=0
audit_tape: verdict=PROCEED passed=39 failed=0 halted=0 skipped=12 (out="handover/evidence/phase1_n5_batch_2026-05-11T03-46-20Z/P02_mathd_algebra_125/verdict.json")
[tbc0] [3/9] mathd_algebra_141 (diff=easy, max_tx=5) → handover/evidence/phase1_n5_batch_2026-05-11T03-46-20Z/P03_mathd_algebra_141
[tbc0] [3/9] mathd_algebra_141: dur=11s tx=1 halt=OmegaAccepted solved=True step_partial_ok=0 rc=0
audit_tape: verdict=PROCEED passed=40 failed=0 halted=0 skipped=11 (out="handover/evidence/phase1_n5_batch_2026-05-11T03-46-20Z/P03_mathd_algebra_141/verdict.json")
[tbc0] [4/9] mathd_algebra_113 (diff=medium, max_tx=20) → handover/evidence/phase1_n5_batch_2026-05-11T03-46-20Z/P04_mathd_algebra_113
[tbc0] [4/9] mathd_algebra_113: dur=184s tx=20 halt=MaxTxExhausted solved=False step_partial_ok=0 rc=0
audit_tape: verdict=PROCEED passed=40 failed=0 halted=0 skipped=11 (out="handover/evidence/phase1_n5_batch_2026-05-11T03-46-20Z/P04_mathd_algebra_113/verdict.json")
[tbc0] [5/9] mathd_algebra_114 (diff=medium, max_tx=20) → handover/evidence/phase1_n5_batch_2026-05-11T03-46-20Z/P05_mathd_algebra_114
[tbc0] [5/9] mathd_algebra_114: dur=217s tx=20 halt=MaxTxExhausted solved=False step_partial_ok=12 rc=0
audit_tape: verdict=PROCEED passed=40 failed=0 halted=0 skipped=11 (out="handover/evidence/phase1_n5_batch_2026-05-11T03-46-20Z/P05_mathd_algebra_114/verdict.json")
[tbc0] [6/9] mathd_numbertheory_1124 (diff=hard, max_tx=50) → handover/evidence/phase1_n5_batch_2026-05-11T03-46-20Z/P06_mathd_numbertheory_1124
[tbc0] [6/9] mathd_numbertheory_1124: dur=19s tx=2 halt=OmegaAccepted solved=True step_partial_ok=0 rc=0
audit_tape: verdict=PROCEED passed=40 failed=0 halted=0 skipped=11 (out="handover/evidence/phase1_n5_batch_2026-05-11T03-46-20Z/P06_mathd_numbertheory_1124/verdict.json")
[tbc0] [7/9] numbertheory_2pownm1prime_nprime (diff=hard, max_tx=50) → handover/evidence/phase1_n5_batch_2026-05-11T03-46-20Z/P07_numbertheory_2pownm1prime_nprime
[tbc0] [7/9] numbertheory_2pownm1prime_nprime: dur=447s tx=39 halt=OmegaAccepted solved=True step_partial_ok=14 rc=0
audit_tape: verdict=PROCEED passed=39 failed=0 halted=0 skipped=12 (out="handover/evidence/phase1_n5_batch_2026-05-11T03-46-20Z/P07_numbertheory_2pownm1prime_nprime/verdict.json")
[tbc0] [8/9] aime_1983_p1 (diff=hard, max_tx=50) → handover/evidence/phase1_n5_batch_2026-05-11T03-46-20Z/P08_aime_1983_p1
[tbc0] [8/9] aime_1983_p1: dur=513s tx=50 halt=MaxTxExhausted solved=False step_partial_ok=2 rc=0
audit_tape: verdict=PROCEED passed=40 failed=0 halted=0 skipped=11 (out="handover/evidence/phase1_n5_batch_2026-05-11T03-46-20Z/P08_aime_1983_p1/verdict.json")
[tbc0] [9/9] aime_1984_p1 (diff=hard, max_tx=50) → handover/evidence/phase1_n5_batch_2026-05-11T03-46-20Z/P09_aime_1984_p1
[tbc0] [9/9] aime_1984_p1: dur=498s tx=50 halt=MaxTxExhausted solved=False step_partial_ok=4 rc=0
audit_tape: verdict=PROCEED passed=40 failed=0 halted=0 skipped=11 (out="handover/evidence/phase1_n5_batch_2026-05-11T03-46-20Z/P09_aime_1984_p1/verdict.json")

[tbc0] running FC-witness aggregator...

[tbc0] DONE → handover/evidence/phase1_n5_batch_2026-05-11T03-46-20Z
[tbc0] Summary: handover/evidence/phase1_n5_batch_2026-05-11T03-46-20Z/TBC0_BATCH_SUMMARY.json
[tbc0] Aggregate: handover/evidence/phase1_n5_batch_2026-05-11T03-46-20Z/fc_witness_aggregate.json

  GREEN   FC1-INV1_every_attempt_tape_visible  (green:8 amber:0 red:1)
  GREEN   FC1-INV3_count_equality_constitutional  (green:8 amber:0 red:1)
  GREEN   FC1-N11_predicates  (green:9 amber:0 red:0)
  GREEN   FC1-N13_wtool  (green:9 amber:0 red:0)
  GREEN   FC1-N15_reject_branch  (green:9 amber:0 red:0)
  GREEN   FC1-N1_q_state_carrier  (green:9 amber:0 red:0)
  GREEN   FC1-N2_q_t_slice  (green:9 amber:0 red:0)
  GREEN   FC1-N3_HEAD_t_pointer  (green:9 amber:0 red:0)
  GREEN   FC1-N4_q1_after_delta  (green:9 amber:0 red:0)
  GREEN   FC1-N5_rtool  (green:9 amber:0 red:0)
  GREEN   FC1-N7_delta_AI_call  (green:9 amber:0 red:0)
  GREEN   FC2-INV1_genesis_replayable  (green:9 amber:0 red:0)
  GREEN   FC2-INV4_taskopen_escrowlock_chain_events  (green:9 amber:0 red:0)
  GREEN   FC2-INV6_pubkeys_verify  (green:9 amber:0 red:0)
  GREEN   FC2-INV7_agent_registry_resolves  (green:9 amber:0 red:0)
  GREEN   FC2-N16_InitAI  (green:9 amber:0 red:0)
  GREEN   FC2-N18_constitution_ground_truth  (green:9 amber:0 red:0)
  GREEN   FC2-N21_Q0_minted  (green:9 amber:0 red:0)
  GREEN   FC2-N22_HALT  (green:9 amber:0 red:0)
  GREEN   FC3-INV1_capsule_derived  (green:4 amber:5 red:0)
  GREEN   FC3-INV2_no_global_pointer  (green:9 amber:0 red:0)
  AMBER   FC3-INV3_raw_logs_shielded  (green:0 amber:9 red:0)
  AMBER   FC3-INV5_deep_history_override  (green:0 amber:9 red:0)
  AMBER   FC3-INV7_architect_propose_only  (green:0 amber:9 red:0)
  AMBER   FC3-INV8_judge_veto_only  (green:0 amber:9 red:0)
