=== FC-witness aggregate for handover/evidence/phase1_n5_batch_2026-05-11T03-46-20Z ===
Wrote: handover/evidence/phase1_n5_batch_2026-05-11T03-46-20Z/fc_witness_aggregate.json
Summary: 25 FC nodes; 21 GREEN, 4 AMBER, 0 RED, 0 GAP

Per-node status:
  GREEN   FC1-INV1_every_attempt_tape_visible  (green:8 amber:0 red:1)
  GREEN   FC1-INV3_count_equality_constitutional  (green:8 amber:0 red:1)
  GREEN   FC1-N11_predicates  (green:9 amber:0 red:0)
  GREEN   FC1-N13_wtool  (green:9 amber:0 red:0)
  GREEN   FC1-N15_reject_branch  (green:9 amber:0 red:0)
  GREEN   FC1-N1_q_state_carrier  (green:9 amber:0 red:0)
  GREEN   FC1-N2_q_t_slice  (green:9 amber:0 red:0)
  GREEN   FC1-N3_HEAD_t_pointer  (green:9 amber:0 red:0)
  GREEN   FC1-N4_q1_after_delta  (green:9 amber:0 red:0)
  GREEN   FC1-N5_rtool  (green:9 amber:0 red:0)
  GREEN   FC1-N7_delta_AI_call  (green:9 amber:0 red:0)
  GREEN   FC2-INV1_genesis_replayable  (green:9 amber:0 red:0)
  GREEN   FC2-INV4_taskopen_escrowlock_chain_events  (green:9 amber:0 red:0)
  GREEN   FC2-INV6_pubkeys_verify  (green:9 amber:0 red:0)
  GREEN   FC2-INV7_agent_registry_resolves  (green:9 amber:0 red:0)
  GREEN   FC2-N16_InitAI  (green:9 amber:0 red:0)
  GREEN   FC2-N18_constitution_ground_truth  (green:9 amber:0 red:0)
  GREEN   FC2-N21_Q0_minted  (green:9 amber:0 red:0)
  GREEN   FC2-N22_HALT  (green:9 amber:0 red:0)
  GREEN   FC3-INV1_capsule_derived  (green:4 amber:5 red:0)
  GREEN   FC3-INV2_no_global_pointer  (green:9 amber:0 red:0)
  AMBER   FC3-INV3_raw_logs_shielded  (green:0 amber:9 red:0)
  AMBER   FC3-INV5_deep_history_override  (green:0 amber:9 red:0)
  AMBER   FC3-INV7_architect_propose_only  (green:0 amber:9 red:0)
  AMBER   FC3-INV8_judge_veto_only  (green:0 amber:9 red:0)
