   Compiling libc v0.2.184
   Compiling proc-macro2 v1.0.106
   Compiling quote v1.0.45
   Compiling unicode-ident v1.0.24
   Compiling cfg-if v1.0.4
   Compiling typenum v1.19.0
   Compiling version_check v0.9.5
   Compiling generic-array v0.14.7
   Compiling shlex v1.3.0
   Compiling find-msvc-tools v0.1.9
   Compiling syn v2.0.117
   Compiling getrandom v0.2.17
   Compiling jobserver v0.1.34
   Compiling cc v1.2.60
   Compiling rand_core v0.6.4
   Compiling smallvec v1.15.1
   Compiling stable_deref_trait v1.2.1
   Compiling subtle v2.6.1
   Compiling parking_lot_core v0.9.12
   Compiling crypto-common v0.1.7
   Compiling pin-project-lite v0.2.17
   Compiling bytes v1.11.1
   Compiling itoa v1.0.18
   Compiling scopeguard v1.2.0
   Compiling futures-core v0.3.32
   Compiling lock_api v0.4.14
   Compiling errno v0.3.14
   Compiling litemap v0.8.2
   Compiling writeable v0.6.3
   Compiling parking_lot v0.12.5
   Compiling signal-hook-registry v1.4.8
   Compiling ring v0.17.14
   Compiling socket2 v0.6.3
   Compiling mio v1.2.0
   Compiling icu_properties_data v2.2.0
   Compiling icu_normalizer_data v2.2.0
   Compiling synstructure v0.13.2
   Compiling utf8_iter v1.0.4
   Compiling http v1.4.0
   Compiling percent-encoding v2.3.2
   Compiling pkg-config v0.3.33
   Compiling memchr v2.8.0
   Compiling zerofrom-derive v0.1.7
   Compiling yoke-derive v0.8.2
   Compiling zeroize_derive v1.4.3
   Compiling zerofrom v0.1.7
   Compiling zerovec-derive v0.11.3
   Compiling zeroize v1.8.2
   Compiling displaydoc v0.2.5
   Compiling yoke v0.8.2
   Compiling tokio-macros v2.7.0
   Compiling zerotrie v0.2.4
   Compiling zerovec v0.11.6
   Compiling cpufeatures v0.2.17
   Compiling once_cell v1.21.4
   Compiling tokio v1.51.1
   Compiling serde_core v1.0.228
   Compiling tinystr v0.8.3
   Compiling potential_utf v0.1.5
   Compiling icu_collections v2.2.0
   Compiling icu_locale_core v2.2.0
   Compiling rustls-pki-types v1.14.0
   Compiling icu_provider v2.2.0
   Compiling http-body v1.0.1
   Compiling block-buffer v0.10.4
   Compiling vcpkg v0.2.15
   Compiling untrusted v0.9.0
   Compiling httparse v1.10.1
   Compiling futures-task v0.3.32
   Compiling slab v0.4.12
   Compiling libz-sys v1.1.28
   Compiling futures-util v0.3.32
   Compiling digest v0.10.7
   Compiling icu_normalizer v2.2.0
   Compiling icu_properties v2.2.0
   Compiling serde v1.0.228
   Compiling try-lock v0.2.5
   Compiling zerocopy v0.8.48
   Compiling rustls v0.23.38
   Compiling semver v1.0.28
   Compiling tower-service v0.3.3
   Compiling rustc_version v0.4.1
   Compiling rustls-webpki v0.103.11
   Compiling want v0.3.1
   Compiling idna_adapter v1.2.1
   Compiling tracing-core v0.1.36
   Compiling serde_derive v1.0.228
   Compiling form_urlencoded v1.2.2
   Compiling futures-channel v0.3.32
   Compiling atomic-waker v1.1.2
   Compiling log v0.4.29
   Compiling zmij v1.0.21
   Compiling hyper v1.9.0
   Compiling tracing v0.1.44
   Compiling idna v1.1.0
   Compiling curve25519-dalek v4.1.3
   Compiling libgit2-sys v0.18.3+1.9.2
   Compiling sync_wrapper v1.0.2
   Compiling inout v0.1.4
   Compiling ipnet v2.12.0
   Compiling tower-layer v0.3.3
   Compiling base64 v0.22.1
   Compiling bitflags v2.11.0
   Compiling serde_json v1.0.149
   Compiling hyper-util v0.1.20
   Compiling tower v0.5.3
   Compiling tokio-rustls v0.26.4
   Compiling cipher v0.4.4
   Compiling ppv-lite86 v0.2.21
   Compiling url v2.5.8
   Compiling webpki-roots v1.0.6
   Compiling curve25519-dalek-derive v0.1.1
   Compiling universal-hash v0.5.1
   Compiling virtue v0.0.18
   Compiling base64ct v1.8.3
   Compiling iri-string v0.7.12
   Compiling opaque-debug v0.3.1
   Compiling signature v2.2.0
   Compiling ryu v1.0.23
   Compiling serde_urlencoded v0.7.1
   Compiling ed25519 v2.2.3
   Compiling poly1305 v0.8.0
   Compiling password-hash v0.5.0
   Compiling tower-http v0.6.8
   Compiling bincode_derive v2.0.1
   Compiling hyper-rustls v0.27.8
   Compiling rand_chacha v0.3.1
   Compiling chacha20 v0.9.1
   Compiling sha2 v0.10.9
   Compiling blake2 v0.10.6
   Compiling http-body-util v0.1.3
   Compiling aho-corasick v1.1.4
   Compiling aead v0.5.2
   Compiling regex-syntax v0.8.10
   Compiling unty v0.0.4
   Compiling bincode v2.0.1
